\BOOKMARK [0][-]{chapter*.2}{Introduction}{}% 1
\BOOKMARK [0][-]{chapter.1}{Other Models to be considered}{}% 2
\BOOKMARK [1][-]{section.1.1}{Overview}{chapter.1}% 3
\BOOKMARK [1][-]{section.1.2}{Merton Mixed jump-diffusion Model}{chapter.1}% 4
\BOOKMARK [2][-]{subsection.1.2.1}{Impact on the skewness log\205return}{section.1.2}% 5
\BOOKMARK [2][-]{subsection.1.2.2}{Impact on kurtosis log\205return}{section.1.2}% 6
\BOOKMARK [1][-]{section.1.3}{Heston stochastic volatility model}{chapter.1}% 7
\BOOKMARK [2][-]{subsection.1.3.1}{Model parameters}{section.1.3}% 8
\BOOKMARK [2][-]{subsection.1.3.2}{Feller condition}{section.1.3}% 9
\BOOKMARK [2][-]{subsection.1.3.3}{Risk\205neutralized processes}{section.1.3}% 10
\BOOKMARK [2][-]{subsection.1.3.4}{Graphical representation}{section.1.3}% 11
\BOOKMARK [2][-]{subsection.1.3.5}{Impact on log\205return density's skewness}{section.1.3}% 12
\BOOKMARK [2][-]{subsection.1.3.6}{Impact on kurtosis density return}{section.1.3}% 13
\BOOKMARK [1][-]{section.1.4}{Option pricing method}{chapter.1}% 14
\BOOKMARK [2][-]{subsection.1.4.1}{Probabilistic approach}{section.1.4}% 15
\BOOKMARK [2][-]{subsection.1.4.2}{Characteristic function for Merton Mixed jump\205diffusion model}{section.1.4}% 16
\BOOKMARK [2][-]{subsection.1.4.3}{Characteristic function for Heston stochastic volatility model}{section.1.4}% 17
\BOOKMARK [0][-]{section*.8}{Appendices}{}% 18
\BOOKMARK [0][-]{Appendix.a.A}{R functions catalogue}{}% 19
\BOOKMARK [1][-]{section.a.A.1}{Time series simulation}{Appendix.a.A}% 20
\BOOKMARK [2][-]{subsection.a.A.1.1}{Geometric Brownian motion}{section.a.A.1}% 21
\BOOKMARK [2][-]{subsection.a.A.1.2}{Heston stochastic volatility}{section.a.A.1}% 22
